▲ Next.js 16.2.6 (Turbopack)
- Local:         http://localhost:3000
- Network:       http://10.2.0.2:3000
- Environments: .env.local
✓ Ready in 1538ms
- Experiments (use with caution):
  · serverActions

 GET /fr 200 in 5.6s (next.js: 2.8s, proxy.ts: 118ms, generate-params: 1925ms, application-code: 2.7s)
 POST /api/security/csp-report 404 in 1789ms (next.js: 226ms, application-code: 1564ms)
 POST /api/security/csp-report 404 in 973ms (next.js: 98ms, application-code: 875ms)
 POST /api/security/csp-report 404 in 966ms (next.js: 366ms, application-code: 600ms)
 POST /api/security/csp-report 404 in 968ms (next.js: 466ms, application-code: 502ms)
 GET /fr 200 in 156ms (next.js: 65ms, proxy.ts: 36ms, generate-params: 39ms, application-code: 55ms)
 GET /fr 200 in 198ms (next.js: 31ms, proxy.ts: 27ms, generate-params: 94µs, application-code: 140ms)
 GET /fr 200 in 101ms (next.js: 24ms, proxy.ts: 35ms, generate-params: 178µs, application-code: 41ms)
 GET /fr 200 in 183ms (next.js: 23ms, proxy.ts: 23ms, generate-params: 289µs, application-code: 137ms)
✓ Compiled in 592ms
 GET /fr 200 in 1261ms (next.js: 412ms, proxy.ts: 36ms, generate-params: 41ms, application-code: 813ms)
 POST /api/security/csp-report 404 in 628ms (next.js: 221ms, application-code: 407ms)
 POST /api/security/csp-report 404 in 917ms (next.js: 87ms, application-code: 830ms)
 POST /api/security/csp-report 404 in 861ms (next.js: 270ms, application-code: 591ms)
 POST /api/security/csp-report 404 in 617ms (next.js: 337ms, application-code: 280ms)
 GET /fr/technology 200 in 3.1s (next.js: 2.4s, proxy.ts: 28ms, generate-params: 2.2s, application-code: 706ms)
 POST /api/security/csp-report 404 in 143ms (next.js: 15ms, application-code: 129ms)
 POST /api/security/csp-report 404 in 716ms (next.js: 69ms, application-code: 647ms)
 POST /api/security/csp-report 404 in 697ms (next.js: 205ms, application-code: 492ms)
 POST /api/security/csp-report 404 in 684ms (next.js: 409ms, application-code: 274ms)
 GET /fr/pricing 200 in 3.1s (next.js: 2.2s, proxy.ts: 33ms, generate-params: 1957ms, application-code: 953ms)
 POST /api/security/csp-report 404 in 196ms (next.js: 24ms, application-code: 172ms)
 POST /api/security/csp-report 404 in 684ms (next.js: 34ms, application-code: 650ms)
 POST /api/security/csp-report 404 in 670ms (next.js: 231ms, application-code: 439ms)
 POST /api/security/csp-report 404 in 480ms (next.js: 198ms, application-code: 282ms)
 GET /fr/about 200 in 2.6s (next.js: 2.2s, proxy.ts: 31ms, generate-params: 2.0s, application-code: 438ms)
 POST /api/security/csp-report 404 in 183ms (next.js: 19ms, application-code: 163ms)
 POST /api/security/csp-report 404 in 785ms (next.js: 65ms, application-code: 720ms)
 POST /api/security/csp-report 404 in 759ms (next.js: 320ms, application-code: 439ms)
 POST /api/security/csp-report 404 in 472ms (next.js: 276ms, application-code: 195ms)
 GET /fr 200 in 230ms (next.js: 67ms, proxy.ts: 21ms, generate-params: 42ms, application-code: 142ms)
 GET /fr/pricing 200 in 242ms (next.js: 48ms, proxy.ts: 26ms, generate-params: 24ms, application-code: 168ms)
 POST /api/security/csp-report 404 in 351ms (next.js: 28ms, application-code: 323ms)
 POST /api/security/csp-report 404 in 338ms (next.js: 118ms, application-code: 220ms)
 POST /api/security/csp-report 404 in 336ms (next.js: 188ms, application-code: 147ms)
 GET /fr/contact 200 in 873ms (next.js: 794ms, proxy.ts: 14ms, generate-params: 698ms, application-code: 66ms)
 POST /api/security/csp-report 404 in 221ms (next.js: 21ms, application-code: 200ms)
 POST /api/security/csp-report 404 in 222ms (next.js: 98ms, application-code: 123ms)
 POST /api/security/csp-report 404 in 262ms (next.js: 8ms, application-code: 253ms)
 POST /api/security/csp-report 404 in 127ms (next.js: 11ms, application-code: 116ms)
 GET /fr 200 in 89ms (next.js: 30ms, proxy.ts: 12ms, generate-params: 19ms, application-code: 47ms)
 POST /api/security/csp-report 404 in 171ms (next.js: 10ms, application-code: 161ms)
 POST /api/security/csp-report 404 in 177ms (next.js: 77ms, application-code: 100ms)
✓ Compiled in 98ms
✓ Compiled in 95ms
✓ Compiled in 134ms
✓ Compiled in 208ms
✓ Compiled in 122ms
✓ Compiled in 189ms
✓ Compiled in 89ms
✓ Compiled in 110ms
✓ Compiled in 105ms
✓ Compiled in 96ms
✓ Compiled in 106ms
✓ Compiled in 102ms
✓ Compiled in 81ms
✓ Compiled in 108ms
✓ Compiled in 102ms
✓ Compiled in 103ms
✓ Compiled in 104ms
✓ Compiled in 95ms
✓ Compiled in 104ms
✓ Compiled in 127ms
 GET /fr 200 in 934ms (next.js: 229ms, proxy.ts: 8ms, generate-params: 22ms, application-code: 698ms)
 POST /api/security/csp-report 404 in 137ms (next.js: 50ms, application-code: 87ms)
 POST /api/security/csp-report 404 in 262ms (next.js: 17ms, application-code: 245ms)
 POST /api/security/csp-report 404 in 255ms (next.js: 81ms, application-code: 174ms)
 POST /api/security/csp-report 404 in 186ms (next.js: 89ms, application-code: 97ms)
✓ Compiled in 171ms
 GET /fr 200 in 562ms (next.js: 239ms, proxy.ts: 144ms, generate-params: 25ms, application-code: 179ms)
 GET /fr 200 in 203ms (next.js: 14ms, proxy.ts: 119ms, generate-params: 46µs, application-code: 70ms)
 GET /fr 200 in 98ms (next.js: 9ms, proxy.ts: 11ms, generate-params: 51µs, application-code: 78ms)
 GET /fr 200 in 78ms (next.js: 11ms, proxy.ts: 10ms, generate-params: 30µs, application-code: 58ms)
 GET /fr 200 in 81ms (next.js: 9ms, proxy.ts: 8ms, generate-params: 51µs, application-code: 65ms)
 GET /fr 200 in 77ms (next.js: 9ms, proxy.ts: 9ms, generate-params: 39µs, application-code: 60ms)
 GET /fr 200 in 89ms (next.js: 9ms, proxy.ts: 7ms, generate-params: 53µs, application-code: 72ms)
✓ Compiled in 100ms
 GET /fr 200 in 393ms (next.js: 175ms, proxy.ts: 111ms, generate-params: 19ms, application-code: 107ms)
 GET /fr 200 in 227ms (next.js: 10ms, proxy.ts: 136ms, generate-params: 46µs, application-code: 81ms)
 GET /fr 200 in 95ms (next.js: 11ms, proxy.ts: 11ms, generate-params: 40µs, application-code: 73ms)
 GET /fr 200 in 82ms (next.js: 7ms, proxy.ts: 11ms, generate-params: 26µs, application-code: 65ms)
 GET /fr 200 in 79ms (next.js: 8ms, proxy.ts: 10ms, generate-params: 27µs, application-code: 61ms)
 GET /fr 200 in 111ms (next.js: 8ms, proxy.ts: 10ms, generate-params: 40µs, application-code: 94ms)
 GET /fr 200 in 98ms (next.js: 9ms, proxy.ts: 11ms, generate-params: 30µs, application-code: 78ms)
✓ Compiled in 87ms
 POST /api/security/csp-report 404 in 936ms (next.js: 443ms, application-code: 493ms)
 GET /fr 200 in 1086ms (next.js: 231ms, proxy.ts: 128ms, generate-params: 26ms, application-code: 727ms)
 GET /fr 200 in 957ms (next.js: 658ms, proxy.ts: 19ms, generate-params: 35µs, application-code: 279ms)
 POST /api/security/csp-report 404 in 73ms (next.js: 10ms, application-code: 63ms)
 POST /api/security/csp-report 404 in 281ms (next.js: 27ms, application-code: 254ms)
 POST /api/security/csp-report 404 in 269ms (next.js: 86ms, application-code: 183ms)
 POST /api/security/csp-report 404 in 190ms (next.js: 100ms, application-code: 90ms)
 GET /fr 200 in 169ms (next.js: 29ms, proxy.ts: 6ms, generate-params: 17ms, application-code: 133ms)
 POST /api/security/csp-report 404 in 73ms (next.js: 14ms, application-code: 59ms)
 POST /api/security/csp-report 404 in 283ms (next.js: 54ms, application-code: 229ms)
 POST /api/security/csp-report 404 in 291ms (next.js: 21ms, application-code: 271ms)
 POST /api/security/csp-report 404 in 284ms (next.js: 169ms, application-code: 116ms)
 GET /fr/pricing 200 in 548ms (next.js: 171ms, proxy.ts: 10ms, generate-params: 17ms, application-code: 366ms)
 GET /fr/technology 200 in 740ms (next.js: 159ms, proxy.ts: 145ms, generate-params: 17ms, application-code: 436ms)
 POST /api/security/csp-report 404 in 73ms (next.js: 9ms, application-code: 64ms)
 POST /api/security/csp-report 404 in 200ms (next.js: 9ms, application-code: 191ms)
 POST /api/security/csp-report 404 in 150ms (next.js: 21ms, application-code: 129ms)
 POST /api/security/csp-report 404 in 105ms (next.js: 29ms, application-code: 76ms)
 GET /fr/pricing 200 in 222ms (next.js: 23ms, proxy.ts: 9ms, generate-params: 16ms, application-code: 190ms)
 POST /api/security/csp-report 404 in 67ms (next.js: 7ms, application-code: 60ms)
 POST /api/security/csp-report 404 in 262ms (next.js: 24ms, application-code: 238ms)
 POST /api/security/csp-report 404 in 268ms (next.js: 64ms, application-code: 205ms)
 POST /api/security/csp-report 404 in 251ms (next.js: 173ms, application-code: 78ms)
 GET /fr 200 in 100ms (next.js: 43ms, proxy.ts: 13ms, generate-params: 32ms, application-code: 44ms)
 GET /fr/about 200 in 376ms (next.js: 243ms, proxy.ts: 11ms, generate-params: 25ms, application-code: 123ms)
 POST /api/security/csp-report 404 in 274ms (next.js: 25ms, application-code: 249ms)
 POST /api/security/csp-report 404 in 269ms (next.js: 99ms, application-code: 170ms)
 POST /api/security/csp-report 404 in 266ms (next.js: 152ms, application-code: 114ms)
 GET /fr 200 in 182ms (next.js: 52ms, proxy.ts: 31ms, generate-params: 25ms, application-code: 99ms)
 POST /api/security/csp-report 404 in 205ms (next.js: 18ms, application-code: 187ms)
 POST /api/security/csp-report 404 in 202ms (next.js: 110ms, application-code: 92ms)
 GET /fr 200 in 200ms (next.js: 37ms, proxy.ts: 8ms, generate-params: 20ms, application-code: 155ms)
 POST /api/security/csp-report 404 in 67ms (next.js: 8ms, application-code: 58ms)
 POST /api/security/csp-report 404 in 353ms (next.js: 26ms, application-code: 327ms)
 POST /api/security/csp-report 404 in 348ms (next.js: 112ms, application-code: 235ms)
 POST /api/security/csp-report 404 in 335ms (next.js: 230ms, application-code: 105ms)
✓ Compiled in 170ms
✓ Compiled in 225ms
✓ Compiled in 158ms
✓ Compiled in 93ms
✓ Compiled in 96ms
✓ Compiled in 75ms
✓ Compiled in 148ms
 GET /fr 200 in 2.5s (next.js: 622ms, proxy.ts: 793ms, generate-params: 33ms, application-code: 1045ms)
✓ Compiled in 275ms
 GET /fr 200 in 1208ms (next.js: 468ms, proxy.ts: 409ms, generate-params: 40ms, application-code: 331ms)
 GET /fr 200 in 510ms (next.js: 67ms, proxy.ts: 43ms, generate-params: 117µs, application-code: 400ms)
 GET /fr 200 in 266ms (next.js: 30ms, proxy.ts: 27ms, generate-params: 179µs, application-code: 209ms)
 GET /fr 200 in 397ms (next.js: 71ms, proxy.ts: 32ms, generate-params: 84µs, application-code: 295ms)
 GET /fr 200 in 356ms (next.js: 43ms, proxy.ts: 25ms, generate-params: 142µs, application-code: 288ms)
 GET /fr 200 in 373ms (next.js: 45ms, proxy.ts: 24ms, generate-params: 173µs, application-code: 304ms)
 GET /fr 200 in 374ms (next.js: 23ms, proxy.ts: 24ms, generate-params: 91µs, application-code: 327ms)
 GET /fr 200 in 987ms (next.js: 63ms, proxy.ts: 22ms, generate-params: 41ms, application-code: 902ms)
✓ Compiled in 809ms
 GET /fr 200 in 1098ms (next.js: 707ms, proxy.ts: 74ms, generate-params: 60ms, application-code: 317ms)
 GET /fr 200 in 872ms (next.js: 123ms, proxy.ts: 361ms, generate-params: 79µs, application-code: 388ms)
 GET /fr 200 in 316ms (next.js: 26ms, proxy.ts: 31ms, generate-params: 77µs, application-code: 259ms)
 GET /fr 200 in 292ms (next.js: 36ms, proxy.ts: 27ms, generate-params: 67µs, application-code: 229ms)
 GET /fr 200 in 217ms (next.js: 19ms, proxy.ts: 20ms, generate-params: 78µs, application-code: 177ms)
 GET /fr 200 in 234ms (next.js: 18ms, proxy.ts: 18ms, generate-params: 68µs, application-code: 197ms)
 GET /fr 200 in 1115ms (next.js: 59ms, proxy.ts: 22ms, generate-params: 38ms, application-code: 1035ms)
 GET /fr 200 in 477ms (next.js: 58ms, proxy.ts: 22ms, generate-params: 35ms, application-code: 397ms)
 GET /fr 200 in 445ms (next.js: 77ms, proxy.ts: 42ms, generate-params: 56ms, application-code: 326ms)
✓ Compiled in 2.9s
✓ Compiled in 2.9s
✓ Compiled in 2.3s
✓ Compiled in 2.4s
✓ Compiled in 2.7s
 GET /fr 200 in 647ms (next.js: 101ms, proxy.ts: 48ms, generate-params: 50ms, application-code: 498ms)
✓ Compiled in 4.5s
 GET /fr 200 in 599ms (next.js: 78ms, proxy.ts: 23ms, generate-params: 47ms, application-code: 498ms)
 GET /fr 200 in 818ms (next.js: 125ms, proxy.ts: 36ms, generate-params: 84ms, application-code: 657ms)
✓ Compiled in 4.8s
 GET /fr 200 in 687ms (next.js: 97ms, proxy.ts: 30ms, generate-params: 59ms, application-code: 560ms)
 GET /fr 200 in 803ms (next.js: 112ms, proxy.ts: 75ms, generate-params: 66ms, application-code: 617ms)
✓ Compiled in 686ms
 GET /fr 200 in 1881ms (next.js: 887ms, proxy.ts: 651ms, generate-params: 45ms, application-code: 342ms)
✓ Compiled in 4.5s
✓ Compiled in 3s
✓ Compiled in 2.8s
✓ Compiled in 489ms
 GET /fr 200 in 1888ms (next.js: 820ms, proxy.ts: 566ms, generate-params: 44ms, application-code: 502ms)
 GET /fr 200 in 653ms (next.js: 42ms, proxy.ts: 390ms, generate-params: 180µs, application-code: 222ms)
 GET /fr 200 in 301ms (next.js: 30ms, proxy.ts: 56ms, generate-params: 95µs, application-code: 215ms)
 GET /fr 200 in 322ms (next.js: 49ms, proxy.ts: 47ms, generate-params: 116µs, application-code: 226ms)
 GET /fr 200 in 277ms (next.js: 21ms, proxy.ts: 28ms, generate-params: 75µs, application-code: 228ms)
 GET /fr 200 in 322ms (next.js: 74ms, proxy.ts: 33ms, generate-params: 268µs, application-code: 215ms)
 GET /fr 200 in 273ms (next.js: 26ms, proxy.ts: 28ms, generate-params: 208µs, application-code: 219ms)
✓ Compiled in 549ms
✓ Compiled in 272ms
 GET /fr 200 in 1462ms (next.js: 715ms, proxy.ts: 365ms, generate-params: 55ms, application-code: 381ms)
 GET /fr 200 in 861ms (next.js: 85ms, proxy.ts: 400ms, generate-params: 71µs, application-code: 376ms)
 GET /fr 200 in 300ms (next.js: 32ms, proxy.ts: 29ms, generate-params: 169µs, application-code: 239ms)
 GET /fr 200 in 265ms (next.js: 28ms, proxy.ts: 29ms, generate-params: 89µs, application-code: 207ms)
 GET /fr 200 in 237ms (next.js: 21ms, proxy.ts: 22ms, generate-params: 142µs, application-code: 193ms)
 GET /fr 200 in 264ms (next.js: 20ms, proxy.ts: 29ms, generate-params: 46µs, application-code: 216ms)
 GET /fr 200 in 350ms (next.js: 32ms, proxy.ts: 22ms, generate-params: 98µs, application-code: 296ms)
✓ Compiled in 289ms
 GET /fr 200 in 1232ms (next.js: 517ms, proxy.ts: 397ms, generate-params: 46ms, application-code: 318ms)
 GET /fr 200 in 293ms (next.js: 31ms, proxy.ts: 24ms, generate-params: 81µs, application-code: 238ms)
 GET /fr 200 in 451ms (next.js: 42ms, proxy.ts: 45ms, generate-params: 162µs, application-code: 364ms)
 GET /fr 200 in 268ms (next.js: 22ms, proxy.ts: 25ms, generate-params: 97µs, application-code: 221ms)
 GET /fr 200 in 274ms (next.js: 23ms, proxy.ts: 20ms, generate-params: 91µs, application-code: 230ms)
 GET /fr 200 in 312ms (next.js: 51ms, proxy.ts: 28ms, generate-params: 195µs, application-code: 233ms)
 GET /fr 200 in 358ms (next.js: 60ms, proxy.ts: 22ms, generate-params: 125µs, application-code: 276ms)
✓ Compiled in 305ms
 GET /fr 200 in 1671ms (next.js: 760ms, proxy.ts: 389ms, generate-params: 47ms, application-code: 522ms)
 GET /fr 200 in 870ms (next.js: 34ms, proxy.ts: 564ms, generate-params: 129µs, application-code: 273ms)
 GET /fr 200 in 483ms (next.js: 46ms, proxy.ts: 92ms, generate-params: 111µs, application-code: 344ms)
 GET /fr 200 in 380ms (next.js: 32ms, proxy.ts: 52ms, generate-params: 83µs, application-code: 296ms)
 GET /fr 200 in 400ms (next.js: 72ms, proxy.ts: 32ms, generate-params: 49ms, application-code: 296ms)
 GET /fr 200 in 332ms (next.js: 26ms, proxy.ts: 62ms, generate-params: 72µs, application-code: 244ms)
 GET /fr 200 in 291ms (next.js: 24ms, proxy.ts: 33ms, generate-params: 78µs, application-code: 234ms)
✓ Compiled in 348ms
 GET /fr 200 in 1733ms (next.js: 901ms, proxy.ts: 432ms, generate-params: 52ms, application-code: 400ms)
 GET /fr 200 in 1005ms (next.js: 78ms, proxy.ts: 519ms, generate-params: 138µs, application-code: 408ms)
 GET /fr 200 in 631ms (next.js: 61ms, proxy.ts: 60ms, generate-params: 795µs, application-code: 510ms)
 GET /fr 200 in 768ms (next.js: 380ms, proxy.ts: 87ms, generate-params: 246ms, application-code: 301ms)
 GET /fr 200 in 614ms (next.js: 68ms, proxy.ts: 85ms, generate-params: 90µs, application-code: 462ms)
 GET /fr 200 in 529ms (next.js: 60ms, proxy.ts: 78ms, generate-params: 131µs, application-code: 391ms)
 GET /fr 200 in 578ms (next.js: 61ms, proxy.ts: 63ms, generate-params: 109µs, application-code: 454ms)
✓ Compiled in 323ms
 GET /fr 200 in 1791ms (next.js: 816ms, proxy.ts: 500ms, generate-params: 52ms, application-code: 475ms)
 GET /fr 200 in 922ms (next.js: 34ms, proxy.ts: 608ms, generate-params: 93µs, application-code: 281ms)
 GET /fr 200 in 391ms (next.js: 41ms, proxy.ts: 28ms, generate-params: 77µs, application-code: 322ms)
 GET /fr 200 in 347ms (next.js: 30ms, proxy.ts: 52ms, generate-params: 114µs, application-code: 265ms)
 GET /fr 200 in 350ms (next.js: 70ms, proxy.ts: 37ms, generate-params: 47ms, application-code: 243ms)
 GET /fr 200 in 321ms (next.js: 35ms, proxy.ts: 64ms, generate-params: 102µs, application-code: 222ms)
 GET /fr 200 in 343ms (next.js: 43ms, proxy.ts: 38ms, generate-params: 1583µs, application-code: 262ms)
✓ Compiled in 1159ms
 GET /fr 200 in 1996ms (next.js: 576ms, proxy.ts: 870ms, generate-params: 46ms, application-code: 550ms)
 GET /fr 200 in 501ms (next.js: 57ms, proxy.ts: 72ms, generate-params: 128µs, application-code: 372ms)
 GET /fr 200 in 430ms (next.js: 36ms, proxy.ts: 46ms, generate-params: 101µs, application-code: 347ms)
 GET /fr 200 in 343ms (next.js: 33ms, proxy.ts: 43ms, generate-params: 112µs, application-code: 266ms)
 GET /fr 200 in 361ms (next.js: 66ms, proxy.ts: 29ms, generate-params: 73µs, application-code: 266ms)
 GET /fr 200 in 56s (next.js: 74ms, proxy.ts: 33ms, generate-params: 44ms, application-code: 56s)
✓ Compiled in 456ms
 GET /fr 200 in 1630ms (next.js: 770ms, proxy.ts: 457ms, generate-params: 67ms, application-code: 404ms)
 GET /fr 200 in 247ms (next.js: 24ms, proxy.ts: 21ms, generate-params: 76µs, application-code: 203ms)
 GET /fr 200 in 250ms (next.js: 23ms, proxy.ts: 21ms, generate-params: 75µs, application-code: 206ms)
 GET /fr 200 in 227ms (next.js: 19ms, proxy.ts: 20ms, generate-params: 78µs, application-code: 189ms)
 GET /fr 200 in 265ms (next.js: 21ms, proxy.ts: 25ms, generate-params: 67µs, application-code: 219ms)
 GET /fr 200 in 383ms (next.js: 53ms, proxy.ts: 42ms, generate-params: 100µs, application-code: 288ms)
 GET /fr 200 in 222ms (next.js: 24ms, proxy.ts: 20ms, generate-params: 65µs, application-code: 177ms)
 GET /fr 200 in 222ms (next.js: 20ms, proxy.ts: 18ms, generate-params: 65µs, application-code: 184ms)
 GET /fr 200 in 305ms (next.js: 100ms, proxy.ts: 20ms, generate-params: 62ms, application-code: 185ms)
 GET /fr 200 in 4.0s (next.js: 163ms, proxy.ts: 59ms, generate-params: 84ms, application-code: 3.8s)
 GET /fr/technology 200 in 749ms (next.js: 434ms, proxy.ts: 22ms, generate-params: 37ms, application-code: 293ms)
 GET /fr/pricing 200 in 863ms (next.js: 453ms, proxy.ts: 18ms, generate-params: 33ms, application-code: 391ms)
 GET /fr/about 200 in 652ms (next.js: 387ms, proxy.ts: 15ms, generate-params: 32ms, application-code: 250ms)
 GET /fr/contact 200 in 654ms (next.js: 411ms, proxy.ts: 26ms, generate-params: 36ms, application-code: 217ms)
 GET /fr 200 in 220ms (next.js: 65ms, proxy.ts: 25ms, generate-params: 46ms, application-code: 130ms)
 POST /api/security/csp-report 404 in 1229ms (next.js: 113ms, application-code: 1117ms)
✓ Compiled in 227ms
 GET /fr 200 in 881ms (next.js: 392ms, proxy.ts: 232ms, generate-params: 33ms, application-code: 258ms)
✓ Compiled in 172ms
 GET /fr 200 in 955ms (next.js: 383ms, proxy.ts: 238ms, generate-params: 43ms, application-code: 335ms)
✓ Compiled in 163ms
 GET /fr 200 in 831ms (next.js: 333ms, proxy.ts: 202ms, generate-params: 32ms, application-code: 296ms)
✓ Compiled in 234ms
 GET /fr 200 in 930ms (next.js: 411ms, proxy.ts: 222ms, generate-params: 50ms, application-code: 297ms)
✓ Compiled in 179ms
 GET /fr 200 in 1057ms (next.js: 562ms, proxy.ts: 207ms, generate-params: 33ms, application-code: 288ms)
✓ Compiled in 180ms
 GET /fr 200 in 1329ms (next.js: 521ms, proxy.ts: 403ms, generate-params: 45ms, application-code: 405ms)
✓ Compiled in 441ms
 GET /fr 200 in 4.0s (next.js: 1042ms, proxy.ts: 521ms, generate-params: 74ms, application-code: 2.4s)
 GET /fr/pricing 200 in 1405ms (next.js: 454ms, proxy.ts: 25ms, generate-params: 62ms, application-code: 926ms)
✓ Compiled in 383ms
 GET /fr/pricing 200 in 1952ms (next.js: 600ms, proxy.ts: 500ms, generate-params: 45ms, application-code: 852ms)
 GET /fr/pricing 200 in 642ms (next.js: 38ms, proxy.ts: 40ms, generate-params: 78µs, application-code: 564ms)
 GET /fr/pricing 200 in 479ms (next.js: 22ms, proxy.ts: 21ms, generate-params: 63µs, application-code: 437ms)
 GET /fr/technology 200 in 843ms (next.js: 435ms, proxy.ts: 19ms, generate-params: 35ms, application-code: 390ms)
✓ Compiled in 269ms
 GET /fr/technology 200 in 1794ms (next.js: 693ms, proxy.ts: 451ms, generate-params: 49ms, application-code: 650ms)
 GET /fr/technology 200 in 371ms (next.js: 27ms, proxy.ts: 23ms, generate-params: 88µs, application-code: 321ms)
 GET /fr/pricing 200 in 1290ms (next.js: 484ms, proxy.ts: 43ms, generate-params: 45ms, application-code: 763ms)
✓ Compiled in 588ms
 GET /fr/pricing 200 in 1884ms (next.js: 684ms, proxy.ts: 419ms, generate-params: 52ms, application-code: 781ms)
 GET /fr/pricing 200 in 1174ms (next.js: 197ms, proxy.ts: 459ms, generate-params: 95µs, application-code: 518ms)
 GET /fr/pricing 200 in 540ms (next.js: 76ms, proxy.ts: 36ms, generate-params: 48ms, application-code: 428ms)
 GET /fr/pricing 200 in 525ms (next.js: 24ms, proxy.ts: 34ms, generate-params: 65µs, application-code: 467ms)
 GET /fr/pricing 200 in 1477ms (next.js: 21ms, proxy.ts: 26ms, generate-params: 98µs, application-code: 1430ms)
 GET /fr/technology 200 in 1653ms (next.js: 497ms, proxy.ts: 45ms, generate-params: 62ms, application-code: 1111ms)
 GET /fr/pricing 200 in 637ms (next.js: 85ms, proxy.ts: 37ms, generate-params: 51ms, application-code: 515ms)
 GET /fr/pricing 200 in 491ms (next.js: 27ms, proxy.ts: 26ms, generate-params: 119µs, application-code: 438ms)
 GET /fr/pricing 200 in 559ms (next.js: 77ms, proxy.ts: 33ms, generate-params: 50ms, application-code: 450ms)
✓ Compiled in 336ms
 GET /fr/pricing 200 in 2.1s (next.js: 638ms, proxy.ts: 451ms, generate-params: 53ms, application-code: 962ms)
 GET /fr/pricing 200 in 1307ms (next.js: 94ms, proxy.ts: 775ms, generate-params: 95µs, application-code: 438ms)
 GET /fr/pricing 200 in 539ms (next.js: 69ms, proxy.ts: 31ms, generate-params: 43ms, application-code: 440ms)
 GET /fr/pricing 200 in 763ms (next.js: 22ms, proxy.ts: 27ms, generate-params: 45µs, application-code: 714ms)
 GET /fr/pricing 200 in 719ms (next.js: 59ms, proxy.ts: 74ms, generate-params: 62µs, application-code: 587ms)
 GET /fr/pricing 200 in 572ms (next.js: 82ms, proxy.ts: 53ms, generate-params: 48ms, application-code: 436ms)
 GET /fr/pricing 200 in 566ms (next.js: 26ms, proxy.ts: 32ms, generate-params: 116µs, application-code: 508ms)
✓ Compiled in 250ms
 GET /fr/pricing 200 in 1388ms (next.js: 457ms, proxy.ts: 273ms, generate-params: 42ms, application-code: 657ms)
 GET /fr/pricing 200 in 912ms (next.js: 32ms, proxy.ts: 358ms, generate-params: 86µs, application-code: 522ms)
 GET /fr/pricing 200 in 664ms (next.js: 21ms, proxy.ts: 28ms, generate-params: 82µs, application-code: 615ms)
 GET /fr/pricing 200 in 645ms (next.js: 139ms, proxy.ts: 30ms, generate-params: 52ms, application-code: 477ms)
 GET /fr/pricing 200 in 488ms (next.js: 27ms, proxy.ts: 18ms, generate-params: 78µs, application-code: 442ms)
 GET /fr/pricing 200 in 455ms (next.js: 24ms, proxy.ts: 20ms, generate-params: 73µs, application-code: 411ms)
 GET /fr/pricing 200 in 414ms (next.js: 24ms, proxy.ts: 19ms, generate-params: 110µs, application-code: 371ms)
✓ Compiled in 322ms
 GET /fr/pricing 200 in 2.5s (next.js: 767ms, proxy.ts: 738ms, generate-params: 76ms, application-code: 980ms)
 GET /fr/pricing 200 in 691ms (next.js: 26ms, proxy.ts: 24ms, generate-params: 128µs, application-code: 641ms)
 GET /fr/pricing 200 in 764ms (next.js: 24ms, proxy.ts: 25ms, generate-params: 71µs, application-code: 715ms)
 GET /fr/pricing 200 in 838ms (next.js: 37ms, proxy.ts: 20ms, generate-params: 85µs, application-code: 781ms)
 GET /fr/pricing 200 in 1092ms (next.js: 153ms, proxy.ts: 29ms, generate-params: 120ms, application-code: 909ms)
 GET /fr/pricing 200 in 578ms (next.js: 35ms, proxy.ts: 44ms, generate-params: 338µs, application-code: 499ms)
 GET /fr/pricing 200 in 840ms (next.js: 29ms, proxy.ts: 25ms, generate-params: 79µs, application-code: 787ms)
✓ Compiled in 172ms
 GET /fr/pricing 200 in 1048ms (next.js: 345ms, proxy.ts: 262ms, generate-params: 37ms, application-code: 440ms)
 GET /fr/pricing 200 in 456ms (next.js: 27ms, proxy.ts: 25ms, generate-params: 64µs, application-code: 405ms)
✓ Compiled in 221ms
 GET /fr/pricing 200 in 1205ms (next.js: 375ms, proxy.ts: 314ms, generate-params: 31ms, application-code: 516ms)
 GET /fr/pricing 200 in 824ms (next.js: 27ms, proxy.ts: 19ms, generate-params: 205µs, application-code: 778ms)
 GET /fr/technology 200 in 809ms (next.js: 408ms, proxy.ts: 21ms, generate-params: 33ms, application-code: 380ms)
 GET /fr/technology 200 in 240ms (next.js: 16ms, proxy.ts: 20ms, generate-params: 54µs, application-code: 204ms)
✓ Compiled in 196ms
 GET /fr/technology 200 in 1549ms (next.js: 527ms, proxy.ts: 320ms, generate-params: 37ms, application-code: 701ms)
 GET /fr/technology 200 in 567ms (next.js: 67ms, proxy.ts: 49ms, generate-params: 66µs, application-code: 450ms)
✓ Compiled in 234ms
 GET /fr/technology 200 in 1522ms (next.js: 583ms, proxy.ts: 295ms, generate-params: 42ms, application-code: 644ms)
 GET /fr/technology 200 in 469ms (next.js: 39ms, proxy.ts: 31ms, generate-params: 75µs, application-code: 398ms)
✓ Compiled in 325ms
 GET /fr/technology 200 in 1235ms (next.js: 438ms, proxy.ts: 329ms, generate-params: 42ms, application-code: 468ms)
 GET /fr/technology 200 in 1110ms (next.js: 66ms, proxy.ts: 35ms, generate-params: 80µs, application-code: 1009ms)
 GET /fr/pricing 200 in 825ms (next.js: 192ms, proxy.ts: 38ms, generate-params: 38ms, application-code: 594ms)
 GET /fr/pricing 200 in 471ms (next.js: 32ms, proxy.ts: 23ms, generate-params: 99µs, application-code: 416ms)
✓ Compiled in 900ms
 GET /fr/pricing 200 in 6.2s (next.js: 2.1s, proxy.ts: 1511ms, generate-params: 144ms, application-code: 2.7s)
 GET /fr/pricing 200 in 964ms (next.js: 72ms, proxy.ts: 64ms, generate-params: 664µs, application-code: 829ms)
 GET /fr/pricing 200 in 723ms (next.js: 96ms, proxy.ts: 29ms, generate-params: 61ms, application-code: 597ms)
 GET /fr/pricing 200 in 719ms (next.js: 37ms, proxy.ts: 25ms, generate-params: 824µs, application-code: 656ms)
 GET /fr/pricing 200 in 638ms (next.js: 26ms, proxy.ts: 32ms, generate-params: 69µs, application-code: 580ms)
 GET /fr/pricing 200 in 861ms (next.js: 31ms, proxy.ts: 25ms, generate-params: 64µs, application-code: 805ms)
 GET /fr/pricing 200 in 4.6s (next.js: 189ms, proxy.ts: 85ms, generate-params: 102ms, application-code: 4.3s)
✓ Compiled in 1978ms
 GET /fr/pricing 200 in 3.8s (next.js: 2.1s, proxy.ts: 912ms, generate-params: 136µs, application-code: 815ms)
 GET /fr/pricing 200 in 1174ms (next.js: 110ms, proxy.ts: 535ms, generate-params: 54ms, application-code: 529ms)
 GET /fr/pricing 200 in 598ms (next.js: 30ms, proxy.ts: 27ms, generate-params: 108µs, application-code: 541ms)
✓ Compiled in 337ms
 GET /fr/pricing 200 in 2.4s (next.js: 1105ms, proxy.ts: 468ms, generate-params: 46ms, application-code: 845ms)
 GET /fr/pricing 200 in 1762ms (next.js: 501ms, proxy.ts: 396ms, generate-params: 82µs, application-code: 864ms)
 GET /fr/pricing 200 in 522ms (next.js: 27ms, proxy.ts: 25ms, generate-params: 468µs, application-code: 470ms)
 GET /fr/pricing 200 in 602ms (next.js: 67ms, proxy.ts: 22ms, generate-params: 49ms, application-code: 513ms)
 GET /fr/pricing 200 in 653ms (next.js: 37ms, proxy.ts: 23ms, generate-params: 177µs, application-code: 594ms)
 GET /fr/pricing 200 in 569ms (next.js: 27ms, proxy.ts: 28ms, generate-params: 151µs, application-code: 514ms)
 GET /fr/pricing 200 in 513ms (next.js: 20ms, proxy.ts: 25ms, generate-params: 78µs, application-code: 468ms)
 GET /fr/pricing 200 in 647ms (next.js: 32ms, proxy.ts: 31ms, generate-params: 72µs, application-code: 585ms)
 GET /fr/pricing 200 in 731ms (next.js: 80ms, proxy.ts: 27ms, generate-params: 51ms, application-code: 625ms)
 GET /fr/pricing 200 in 601ms (next.js: 33ms, proxy.ts: 22ms, generate-params: 122µs, application-code: 546ms)
 GET /fr/pricing 200 in 608ms (next.js: 30ms, proxy.ts: 22ms, generate-params: 106µs, application-code: 555ms)
 GET /fr/pricing 200 in 608ms (next.js: 23ms, proxy.ts: 22ms, generate-params: 100µs, application-code: 563ms)
 GET /fr/pricing 200 in 580ms (next.js: 39ms, proxy.ts: 26ms, generate-params: 92µs, application-code: 516ms)
 GET /fr/pricing 200 in 582ms (next.js: 67ms, proxy.ts: 22ms, generate-params: 48ms, application-code: 493ms)
✓ Compiled in 258ms
 GET /fr/pricing 200 in 1710ms (next.js: 629ms, proxy.ts: 436ms, generate-params: 50ms, application-code: 645ms)
 GET /fr/pricing 200 in 637ms (next.js: 52ms, proxy.ts: 30ms, generate-params: 121µs, application-code: 554ms)
✓ Compiled in 255ms
✓ Compiled in 408ms
 GET /fr/pricing 200 in 4.2s (next.js: 712ms, proxy.ts: 338ms, generate-params: 48ms, application-code: 3.2s)
 GET /fr/pricing 200 in 1481ms (next.js: 532ms, proxy.ts: 387ms, generate-params: 88µs, application-code: 562ms)
 GET /fr/pricing 200 in 627ms (next.js: 97ms, proxy.ts: 26ms, generate-params: 71ms, application-code: 504ms)
 GET /fr/pricing 200 in 638ms (next.js: 31ms, proxy.ts: 29ms, generate-params: 102µs, application-code: 578ms)
 GET /fr/pricing 200 in 718ms (next.js: 43ms, proxy.ts: 22ms, generate-params: 155µs, application-code: 653ms)
 GET /fr/pricing 200 in 528ms (next.js: 38ms, proxy.ts: 25ms, generate-params: 187µs, application-code: 465ms)
 GET /fr/pricing 200 in 575ms (next.js: 20ms, proxy.ts: 22ms, generate-params: 267µs, application-code: 533ms)
 GET /fr/pricing 200 in 557ms (next.js: 61ms, proxy.ts: 18ms, generate-params: 43ms, application-code: 478ms)
 GET /fr/pricing 200 in 576ms (next.js: 25ms, proxy.ts: 28ms, generate-params: 113µs, application-code: 524ms)
 GET /fr/pricing 200 in 538ms (next.js: 22ms, proxy.ts: 24ms, generate-params: 71µs, application-code: 493ms)
 GET /fr/pricing 200 in 502ms (next.js: 28ms, proxy.ts: 22ms, generate-params: 156µs, application-code: 452ms)
 GET /fr/pricing 200 in 627ms (next.js: 35ms, proxy.ts: 27ms, generate-params: 78µs, application-code: 566ms)
 GET /fr/pricing 200 in 724ms (next.js: 78ms, proxy.ts: 32ms, generate-params: 45ms, application-code: 613ms)
 GET /fr/pricing 200 in 638ms (next.js: 38ms, proxy.ts: 23ms, generate-params: 92µs, application-code: 578ms)
✓ Compiled in 264ms
 GET /fr/pricing 200 in 1923ms (next.js: 837ms, proxy.ts: 378ms, generate-params: 49ms, application-code: 707ms)
 GET /fr/pricing 200 in 894ms (next.js: 31ms, proxy.ts: 391ms, generate-params: 247µs, application-code: 471ms)
 GET /fr/pricing 200 in 509ms (next.js: 18ms, proxy.ts: 21ms, generate-params: 62µs, application-code: 470ms)
 GET /fr/pricing 200 in 581ms (next.js: 24ms, proxy.ts: 23ms, generate-params: 189µs, application-code: 535ms)
 GET /fr/pricing 200 in 591ms (next.js: 78ms, proxy.ts: 23ms, generate-params: 50ms, application-code: 490ms)
 GET /fr/pricing 200 in 540ms (next.js: 31ms, proxy.ts: 23ms, generate-params: 182µs, application-code: 486ms)
 GET /fr/pricing 200 in 537ms (next.js: 27ms, proxy.ts: 28ms, generate-params: 82µs, application-code: 481ms)
✓ Compiled in 284ms
 GET /fr/pricing 200 in 1768ms (next.js: 725ms, proxy.ts: 328ms, generate-params: 52ms, application-code: 715ms)
 GET /fr/pricing 200 in 842ms (next.js: 31ms, proxy.ts: 376ms, generate-params: 75µs, application-code: 436ms)
 GET /fr/pricing 200 in 525ms (next.js: 31ms, proxy.ts: 29ms, generate-params: 146µs, application-code: 465ms)
 GET /fr/pricing 200 in 657ms (next.js: 85ms, proxy.ts: 27ms, generate-params: 61ms, application-code: 546ms)
 GET /fr/pricing 200 in 590ms (next.js: 27ms, proxy.ts: 23ms, generate-params: 103µs, application-code: 540ms)
 GET /fr/pricing 200 in 557ms (next.js: 29ms, proxy.ts: 25ms, generate-params: 159µs, application-code: 504ms)
 GET /fr/pricing 200 in 721ms (next.js: 117ms, proxy.ts: 43ms, generate-params: 84µs, application-code: 561ms)
✓ Compiled in 269ms
✓ Compiled in 357ms
 GET /fr/pricing 200 in 2.8s (next.js: 1418ms, proxy.ts: 365ms, generate-params: 66ms, application-code: 1062ms)
 GET /fr/pricing 200 in 1714ms (next.js: 433ms, proxy.ts: 648ms, generate-params: 101µs, application-code: 634ms)
 GET /fr/pricing 200 in 539ms (next.js: 63ms, proxy.ts: 18ms, generate-params: 42ms, application-code: 459ms)
 GET /fr/pricing 200 in 473ms (next.js: 26ms, proxy.ts: 22ms, generate-params: 81µs, application-code: 425ms)
 GET /fr/pricing 200 in 465ms (next.js: 25ms, proxy.ts: 22ms, generate-params: 222µs, application-code: 418ms)
 GET /fr/pricing 200 in 449ms (next.js: 19ms, proxy.ts: 21ms, generate-params: 48µs, application-code: 409ms)
 GET /fr/pricing 200 in 623ms (next.js: 26ms, proxy.ts: 19ms, generate-params: 179µs, application-code: 578ms)
 GET /fr/pricing 200 in 591ms (next.js: 102ms, proxy.ts: 28ms, generate-params: 76ms, application-code: 461ms)
 GET /fr/pricing 200 in 542ms (next.js: 53ms, proxy.ts: 20ms, generate-params: 82µs, application-code: 469ms)
 GET /fr/pricing 200 in 529ms (next.js: 25ms, proxy.ts: 22ms, generate-params: 47µs, application-code: 482ms)
 GET /fr/pricing 200 in 491ms (next.js: 21ms, proxy.ts: 17ms, generate-params: 83µs, application-code: 453ms)
 GET /fr/pricing 200 in 458ms (next.js: 21ms, proxy.ts: 19ms, generate-params: 78µs, application-code: 418ms)
 GET /fr/pricing 200 in 554ms (next.js: 71ms, proxy.ts: 19ms, generate-params: 50ms, application-code: 463ms)
 GET /fr/pricing 200 in 464ms (next.js: 19ms, proxy.ts: 29ms, generate-params: 153µs, application-code: 417ms)
 GET /fr/pricing 200 in 521ms (next.js: 44ms, proxy.ts: 22ms, generate-params: 205µs, application-code: 454ms)
 GET /fr/pricing 200 in 658ms (next.js: 21ms, proxy.ts: 18ms, generate-params: 104µs, application-code: 619ms)
 GET /fr/pricing 200 in 650ms (next.js: 110ms, proxy.ts: 70ms, generate-params: 89µs, application-code: 470ms)
 GET /fr/pricing 200 in 586ms (next.js: 85ms, proxy.ts: 21ms, generate-params: 49ms, application-code: 480ms)
 GET /fr/pricing 200 in 542ms (next.js: 28ms, proxy.ts: 22ms, generate-params: 84µs, application-code: 491ms)
 GET /fr/pricing 200 in 624ms (next.js: 44ms, proxy.ts: 26ms, generate-params: 92µs, application-code: 554ms)
 GET /fr/pricing 200 in 534ms (next.js: 32ms, proxy.ts: 26ms, generate-params: 103µs, application-code: 476ms)
✓ Compiled in 362ms
✓ Compiled in 0ms
 GET /fr/pricing 200 in 2.3s (next.js: 1197ms, proxy.ts: 465ms, generate-params: 67ms, application-code: 682ms)
 GET /fr/pricing 200 in 1009ms (next.js: 30ms, proxy.ts: 414ms, generate-params: 87µs, application-code: 566ms)
 GET /fr/pricing 200 in 542ms (next.js: 31ms, proxy.ts: 27ms, generate-params: 135µs, application-code: 484ms)
 GET /fr/pricing 200 in 687ms (next.js: 49ms, proxy.ts: 21ms, generate-params: 89µs, application-code: 617ms)
 GET /fr/pricing 200 in 600ms (next.js: 98ms, proxy.ts: 21ms, generate-params: 68ms, application-code: 481ms)
 GET /fr/pricing 200 in 521ms (next.js: 24ms, proxy.ts: 27ms, generate-params: 96µs, application-code: 469ms)
 GET /fr/pricing 200 in 488ms (next.js: 31ms, proxy.ts: 29ms, generate-params: 72µs, application-code: 428ms)
 GET /fr/pricing 200 in 566ms (next.js: 24ms, proxy.ts: 29ms, generate-params: 68µs, application-code: 513ms)
 GET /fr/pricing 200 in 580ms (next.js: 32ms, proxy.ts: 29ms, generate-params: 227µs, application-code: 518ms)
 GET /fr/pricing 200 in 589ms (next.js: 71ms, proxy.ts: 24ms, generate-params: 49ms, application-code: 494ms)
 GET /fr/pricing 200 in 539ms (next.js: 50ms, proxy.ts: 27ms, generate-params: 78µs, application-code: 462ms)
 GET /fr/pricing 200 in 697ms (next.js: 33ms, proxy.ts: 25ms, generate-params: 148µs, application-code: 639ms)
 GET /fr/pricing 200 in 665ms (next.js: 21ms, proxy.ts: 24ms, generate-params: 72µs, application-code: 620ms)
 GET /fr/pricing 200 in 546ms (next.js: 43ms, proxy.ts: 28ms, generate-params: 184µs, application-code: 475ms)
✓ Compiled in 262ms
 GET /fr/pricing 200 in 2.3s (next.js: 792ms, proxy.ts: 353ms, generate-params: 45ms, application-code: 1180ms)
 GET /fr/pricing 200 in 1696ms (next.js: 71ms, proxy.ts: 1063ms, generate-params: 91µs, application-code: 562ms)
 GET /fr/pricing 200 in 618ms (next.js: 81ms, proxy.ts: 25ms, generate-params: 46ms, application-code: 512ms)
 GET /fr/pricing 200 in 518ms (next.js: 26ms, proxy.ts: 19ms, generate-params: 95µs, application-code: 473ms)
 GET /fr/pricing 200 in 492ms (next.js: 29ms, proxy.ts: 25ms, generate-params: 105µs, application-code: 439ms)
 GET /fr/pricing 200 in 510ms (next.js: 20ms, proxy.ts: 25ms, generate-params: 51µs, application-code: 465ms)
 GET /fr/pricing 200 in 597ms (next.js: 29ms, proxy.ts: 21ms, generate-params: 99µs, application-code: 546ms)
✓ Compiled in 420ms
 GET /fr/pricing 200 in 2.1s (next.js: 662ms, proxy.ts: 554ms, generate-params: 53ms, application-code: 863ms)
 GET /fr/pricing 200 in 653ms (next.js: 46ms, proxy.ts: 26ms, generate-params: 116µs, application-code: 582ms)
✓ Compiled in 264ms
 GET /fr/pricing 200 in 1823ms (next.js: 641ms, proxy.ts: 430ms, generate-params: 47ms, application-code: 752ms)
 GET /fr/pricing 200 in 626ms (next.js: 28ms, proxy.ts: 28ms, generate-params: 119µs, application-code: 570ms)
✓ Compiled in 257ms
 GET /fr/pricing 200 in 2.1s (next.js: 688ms, proxy.ts: 505ms, generate-params: 45ms, application-code: 935ms)
 GET /fr/pricing 200 in 1093ms (next.js: 117ms, proxy.ts: 115ms, generate-params: 97µs, application-code: 862ms)
✓ Compiled in 281ms
 GET /fr/pricing 200 in 1965ms (next.js: 698ms, proxy.ts: 478ms, generate-params: 78ms, application-code: 789ms)
 GET /fr/pricing 200 in 857ms (next.js: 31ms, proxy.ts: 30ms, generate-params: 108µs, application-code: 796ms)
✓ Compiled in 240ms
 GET /fr/pricing 200 in 1814ms (next.js: 647ms, proxy.ts: 475ms, generate-params: 64ms, application-code: 692ms)
 GET /fr/pricing 200 in 659ms (next.js: 25ms, proxy.ts: 32ms, generate-params: 88µs, application-code: 602ms)
✓ Compiled in 245ms
 GET /fr/pricing 200 in 1759ms (next.js: 662ms, proxy.ts: 407ms, generate-params: 50ms, application-code: 691ms)
 GET /fr/pricing 200 in 579ms (next.js: 26ms, proxy.ts: 29ms, generate-params: 99µs, application-code: 524ms)
 GET /fr/technology 200 in 1524ms (next.js: 607ms, proxy.ts: 56ms, generate-params: 52ms, application-code: 861ms)
[?25h
