[    1050ms] [VERBOSE] [DOM] Input elements should have autocomplete attributes (suggested: "current-password"): (More info: https://goo.gl/9p2vKq) %o @ https://sentry.io/auth/login/:0
[    2591ms] [LOG] %c
       ██████╗ ███████╗███╗   ██╗████████╗██████╗ ██╗   ██╗
      ██╔════╝ ██╔════╝████╗  ██║╚══██╔══╝██╔══██╗╚██╗ ██╔╝
      ╚█████╗  █████╗  ██╔██╗ ██║   ██║   ██████╔╝ ╚████╔╝
       ╚═══██╗ ██╔══╝  ██║╚██╗██║   ██║   ██╔══██╗  ╚██╔╝
      ██████╔╝ ███████╗██║ ╚████║   ██║   ██║  ██║   ██║
      ╚═════╝  ╚══════╝╚═╝  ╚═══╝   ╚═╝   ╚═╝  ╚═╝   ╚═╝

      👋 Hey, you opened the console!

      Found a bug?
      Yeah, we probably know about it. We literally built a company
      around finding and fixing bugs. The irony isn't lost on us.

      📚 Docs: https://docs.sentry.io/
      💬 Ideas? Complaints? Hot takes? https://github.com/getsentry/sentry/discussions

      Like poking around in dev tools? We like that about you.
      We're hiring: https://sentry.io/careers/
      (We have snacks. And opinions about error handling.)
     color: #653DE9; font-family: 'Roboto Mono', Monaco, Consolas, 'Courier New', monospace; @ https://s1.sentry-cdn.com/_static/dist/sentry/chunks/48361.a7a9027e9ef3b3e1.js:502
[   10426ms] [LOG] %c%s color: red; background: yellow; font-size: 24px; AVERTISSEMENT ! @ https://www.gstatic.com/_/mss/boq-identity/_/js/k=boq-identity.AccountsSignInUi.fr.uzw-XH6LvHE.es5.O/am=Kd8AAAChCIQMAMb__w0AEABB1MDrWQCaQGQAAAAAAAAAAMAKAAA0Ag/d=1/excm=_b,_tp,accountchooserview/ed=1/dg=0/wt=2/ujg=1/rs=AOaEmlGBqq_K7r2vImas5OezmHYL3v5L5w/dti=1/m=_b,_tp:541
[   10426ms] [LOG] %c%s font-size: 18px; En utilisant cette console, vous vous exposez au risque que des personnes malveillantes usurpent votre identité et volent vos informations grâce à une attaque appelée Self-XSS.
Ne saisissez pas et ne copiez pas du code que vous ne comprenez pas. @ https://www.gstatic.com/_/mss/boq-identity/_/js/k=boq-identity.AccountsSignInUi.fr.uzw-XH6LvHE.es5.O/am=Kd8AAAChCIQMAMb__w0AEABB1MDrWQCaQGQAAAAAAAAAAMAKAAA0Ag/d=1/excm=_b,_tp,accountchooserview/ed=1/dg=0/wt=2/ujg=1/rs=AOaEmlGBqq_K7r2vImas5OezmHYL3v5L5w/dti=1/m=_b,_tp:541
[   32120ms] [LOG] %c%s color: red; background: yellow; font-size: 24px; AVERTISSEMENT ! @ https://www.gstatic.com/_/mss/boq-identity/_/js/k=boq-identity.OAuthUi.fr.rpaY0gCK_BE.es5.O/am=nh8AAAAQAAYA-P9_AwRRg-sZgAIBAAAAAAAAAGAAAIg/d=1/excm=_b,_tp,attributesview/ed=1/dg=0/wt=2/ujg=1/rs=AOaEmlHCKRmnUZ7zLjW4kRyTT7gaiqfT8w/dti=1/m=_b,_tp:504
[   32121ms] [LOG] %c%s font-size: 18px; En utilisant cette console, vous vous exposez au risque que des personnes malveillantes usurpent votre identité et volent vos informations grâce à une attaque appelée Self-XSS.
Ne saisissez pas et ne copiez pas du code que vous ne comprenez pas. @ https://www.gstatic.com/_/mss/boq-identity/_/js/k=boq-identity.OAuthUi.fr.rpaY0gCK_BE.es5.O/am=nh8AAAAQAAYA-P9_AwRRg-sZgAIBAAAAAAAAAGAAAIg/d=1/excm=_b,_tp,attributesview/ed=1/dg=0/wt=2/ujg=1/rs=AOaEmlHCKRmnUZ7zLjW4kRyTT7gaiqfT8w/dti=1/m=_b,_tp:504
[   58975ms] [LOG] %c
       ██████╗ ███████╗███╗   ██╗████████╗██████╗ ██╗   ██╗
      ██╔════╝ ██╔════╝████╗  ██║╚══██╔══╝██╔══██╗╚██╗ ██╔╝
      ╚█████╗  █████╗  ██╔██╗ ██║   ██║   ██████╔╝ ╚████╔╝
       ╚═══██╗ ██╔══╝  ██║╚██╗██║   ██║   ██╔══██╗  ╚██╔╝
      ██████╔╝ ███████╗██║ ╚████║   ██║   ██║  ██║   ██║
      ╚═════╝  ╚══════╝╚═╝  ╚═══╝   ╚═╝   ╚═╝  ╚═╝   ╚═╝

      👋 Hey, you opened the console!

      Found a bug?
      Yeah, we probably know about it. We literally built a company
      around finding and fixing bugs. The irony isn't lost on us.

      📚 Docs: https://docs.sentry.io/
      💬 Ideas? Complaints? Hot takes? https://github.com/getsentry/sentry/discussions

      Like poking around in dev tools? We like that about you.
      We're hiring: https://sentry.io/careers/
      (We have snacks. And opinions about error handling.)
     color: #653DE9; font-family: 'Roboto Mono', Monaco, Consolas, 'Courier New', monospace; @ https://s1.sentry-cdn.com/_static/dist/sentry/chunks/48361.a7a9027e9ef3b3e1.js:502
[   84230ms] [LOG] %c
       ██████╗ ███████╗███╗   ██╗████████╗██████╗ ██╗   ██╗
      ██╔════╝ ██╔════╝████╗  ██║╚══██╔══╝██╔══██╗╚██╗ ██╔╝
      ╚█████╗  █████╗  ██╔██╗ ██║   ██║   ██████╔╝ ╚████╔╝
       ╚═══██╗ ██╔══╝  ██║╚██╗██║   ██║   ██╔══██╗  ╚██╔╝
      ██████╔╝ ███████╗██║ ╚████║   ██║   ██║  ██║   ██║
      ╚═════╝  ╚══════╝╚═╝  ╚═══╝   ╚═╝   ╚═╝  ╚═╝   ╚═╝

      👋 Hey, you opened the console!

      Found a bug?
      Yeah, we probably know about it. We literally built a company
      around finding and fixing bugs. The irony isn't lost on us.

      📚 Docs: https://docs.sentry.io/
      💬 Ideas? Complaints? Hot takes? https://github.com/getsentry/sentry/discussions

      Like poking around in dev tools? We like that about you.
      We're hiring: https://sentry.io/careers/
      (We have snacks. And opinions about error handling.)
     color: #653DE9; font-family: 'Roboto Mono', Monaco, Consolas, 'Courier New', monospace; @ https://s1.sentry-cdn.com/_static/dist/sentry/chunks/48361.a7a9027e9ef3b3e1.js:502
[  159870ms] [LOG] %c
       ██████╗ ███████╗███╗   ██╗████████╗██████╗ ██╗   ██╗
      ██╔════╝ ██╔════╝████╗  ██║╚══██╔══╝██╔══██╗╚██╗ ██╔╝
      ╚█████╗  █████╗  ██╔██╗ ██║   ██║   ██████╔╝ ╚████╔╝
       ╚═══██╗ ██╔══╝  ██║╚██╗██║   ██║   ██╔══██╗  ╚██╔╝
      ██████╔╝ ███████╗██║ ╚████║   ██║   ██║  ██║   ██║
      ╚═════╝  ╚══════╝╚═╝  ╚═══╝   ╚═╝   ╚═╝  ╚═╝   ╚═╝

      👋 Hey, you opened the console!

      Found a bug?
      Yeah, we probably know about it. We literally built a company
      around finding and fixing bugs. The irony isn't lost on us.

      📚 Docs: https://docs.sentry.io/
      💬 Ideas? Complaints? Hot takes? https://github.com/getsentry/sentry/discussions

      Like poking around in dev tools? We like that about you.
      We're hiring: https://sentry.io/careers/
      (We have snacks. And opinions about error handling.)
     color: #653DE9; font-family: 'Roboto Mono', Monaco, Consolas, 'Courier New', monospace; @ https://s1.sentry-cdn.com/_static/dist/sentry/chunks/48361.a7a9027e9ef3b3e1.js:502
[  160592ms] [ERROR] Loading the script 'https://gc.kis.v2.scr.kaspersky-labs.com/FD126C42-EBFA-4E12-B309-BB3FDD723AC1/main.js?attr=SPABHGiFBiamxyJJYYeOAeEu4yEIKbXTVuNdaO8XYUQvhLkCxKelHyqlYOjoXHZFuIf2wlyBNLAsI62iSIJFzQ' violates the following Content Security Policy directive: "script-src https://m.stripe.network 'sha256-e357n1PxCJ8d03/QCSKaHFmHF1JADyvSHdSfshxM494=' 'sha256-5DA+a07wxWmEka9IdoWjSPVHb17Cp5284/lJzfbl8KA=' 'sha256-/5Guo2nzv5n/w6ukZpOBZOtTJBJPSkJ6mhHpnBgm3Ls='". Note that 'script-src-elem' was not explicitly set, so 'script-src' is used as a fallback. The action has been blocked. @ https://m.stripe.network/inner.html#url=https%3A%2F%2Fbjhunt.sentry.io%2Fonboarding%2Fwelcome%2F&title=Sentry&referrer=https%3A%2F%2Fsentry.io%2F&muid=105c6dab-a6f1-4248-8ee7-4d4e37a10779189303&sid=9817f227-c5e6-43d3-83c3-ce10810637aedc159d&version=6&preview=false&__shared_params__[version]=v3:0
